<?xml version="1.0" encoding="UTF-8"?>
<!-- Generated by org.testng.reporters.JUnitReportReporter -->
<testsuite hostname="LAPTOP-KRRF1NGI" failures="0" tests="2" name="TestNG_Package.TestClass" time="38.065" errors="0" timestamp="2022-10-30T21:20:23 IST" skipped="0">
  <testcase classname="TestNG_Package.TestClass" name="test02" time="20.406"/>
  <system-out/>
  <testcase classname="TestNG_Package.TestClass" name="VerifyLogin01" time="17.659"/>
  <system-out/>
</testsuite> <!-- TestNG_Package.TestClass -->
