<?xml version="1.0" encoding="UTF-8"?>
<!-- Generated by org.testng.reporters.JUnitReportReporter -->
<testsuite hostname="LAPTOP-KRRF1NGI" failures="0" tests="2" name="annotation1.TestCase1" time="0.009" errors="0" timestamp="2022-10-28T21:19:24 IST" skipped="0">
  <testcase classname="annotation1.TestCase1" name="loginTest1" time="0.006"/>
  <system-out/>
  <testcase classname="annotation1.TestCase1" name="loginTest" time="0.003"/>
  <system-out/>
</testsuite> <!-- annotation1.TestCase1 -->
